{"level":"info","message":"Hello from Acquisitions!","service":"acquisitions-api"}
{"level":"info","message":"::1 - - [09/Apr/2026:15:27:23 +0000] \"GET / HTTP/1.1\" 304 - \"-\" \"Mozilla/5.0 (Macintosh; Intel Mac OS X 10_15_7) AppleWebKit/537.36 (KHTML, like Gecko) Chrome/147.0.0.0 Safari/537.36\"","service":"acquisitions-api"}
{"level":"info","message":"Hello from Acquisitions!","service":"acquisitions-api"}
{"level":"info","message":"::1 - - [10/Apr/2026:05:55:05 +0000] \"GET / HTTP/1.1\" 304 - \"-\" \"Mozilla/5.0 (Macintosh; Intel Mac OS X 10_15_7) AppleWebKit/537.36 (KHTML, like Gecko) Chrome/147.0.0.0 Safari/537.36\"","service":"acquisitions-api"}
{"level":"info","message":"::1 - - [10/Apr/2026:05:55:09 +0000] \"GET /health HTTP/1.1\" 200 76 \"-\" \"Mozilla/5.0 (Macintosh; Intel Mac OS X 10_15_7) AppleWebKit/537.36 (KHTML, like Gecko) Chrome/147.0.0.0 Safari/537.36\"","service":"acquisitions-api"}
{"level":"info","message":"Hello from Acquisitions!","service":"acquisitions-api"}
{"level":"info","message":"::1 - - [10/Apr/2026:05:55:17 +0000] \"GET / HTTP/1.1\" 304 - \"-\" \"Mozilla/5.0 (Macintosh; Intel Mac OS X 10_15_7) AppleWebKit/537.36 (KHTML, like Gecko) Chrome/147.0.0.0 Safari/537.36\"","service":"acquisitions-api"}
{"level":"info","message":"::1 - - [10/Apr/2026:05:55:23 +0000] \"GET /auth/sign-up HTTP/1.1\" 404 151 \"-\" \"Mozilla/5.0 (Macintosh; Intel Mac OS X 10_15_7) AppleWebKit/537.36 (KHTML, like Gecko) Chrome/147.0.0.0 Safari/537.36\"","service":"acquisitions-api"}
{"level":"info","message":"::1 - - [10/Apr/2026:05:55:30 +0000] \"GET /api/auth/sign-up HTTP/1.1\" 404 155 \"-\" \"Mozilla/5.0 (Macintosh; Intel Mac OS X 10_15_7) AppleWebKit/537.36 (KHTML, like Gecko) Chrome/147.0.0.0 Safari/537.36\"","service":"acquisitions-api"}
{"level":"info","message":"::1 - - [10/Apr/2026:05:55:35 +0000] \"GET /api/auth/sign-in HTTP/1.1\" 404 155 \"-\" \"Mozilla/5.0 (Macintosh; Intel Mac OS X 10_15_7) AppleWebKit/537.36 (KHTML, like Gecko) Chrome/147.0.0.0 Safari/537.36\"","service":"acquisitions-api"}
{"level":"info","message":"::1 - - [10/Apr/2026:05:55:40 +0000] \"GET /auth/sign-in HTTP/1.1\" 404 151 \"-\" \"Mozilla/5.0 (Macintosh; Intel Mac OS X 10_15_7) AppleWebKit/537.36 (KHTML, like Gecko) Chrome/147.0.0.0 Safari/537.36\"","service":"acquisitions-api"}
{"level":"info","message":"Hello from Acquisitions!","service":"acquisitions-api"}
{"level":"info","message":"::1 - - [10/Apr/2026:05:55:44 +0000] \"GET / HTTP/1.1\" 304 - \"-\" \"Mozilla/5.0 (Macintosh; Intel Mac OS X 10_15_7) AppleWebKit/537.36 (KHTML, like Gecko) Chrome/147.0.0.0 Safari/537.36\"","service":"acquisitions-api"}
{"level":"info","message":"::1 - - [10/Apr/2026:06:00:39 +0000] \"GET /health HTTP/1.1\" 200 77 \"-\" \"HTTPie\"","service":"acquisitions-api"}
{"level":"info","message":"::1 - - [10/Apr/2026:06:00:47 +0000] \"GET /health HTTP/1.1\" 200 77 \"-\" \"HTTPie\"","service":"acquisitions-api"}
{"level":"info","message":"::1 - - [10/Apr/2026:06:00:48 +0000] \"GET /health HTTP/1.1\" 200 77 \"-\" \"HTTPie\"","service":"acquisitions-api"}
{"level":"info","message":"Hello from Acquisitions!","service":"acquisitions-api"}
{"level":"info","message":"::1 - - [10/Apr/2026:06:01:37 +0000] \"GET / HTTP/1.1\" 200 24 \"-\" \"HTTPie\"","service":"acquisitions-api"}
{"level":"info","message":"::1 - - [10/Apr/2026:06:01:41 +0000] \"GET /api HTTP/1.1\" 200 44 \"-\" \"HTTPie\"","service":"acquisitions-api"}
{"level":"info","message":"::1 - - [10/Apr/2026:06:02:05 +0000] \"GET /api/sign-up[ HTTP/1.1\" 404 151 \"-\" \"HTTPie\"","service":"acquisitions-api"}
{"level":"info","message":"::1 - - [10/Apr/2026:06:02:07 +0000] \"GET /api/sign-up HTTP/1.1\" 404 150 \"-\" \"HTTPie\"","service":"acquisitions-api"}
{"level":"info","message":"::1 - - [10/Apr/2026:06:02:09 +0000] \"GET /api/sign-in HTTP/1.1\" 404 150 \"-\" \"HTTPie\"","service":"acquisitions-api"}
{"level":"info","message":"::1 - - [10/Apr/2026:06:02:11 +0000] \"GET /api/ HTTP/1.1\" 200 44 \"-\" \"HTTPie\"","service":"acquisitions-api"}
{"level":"info","message":"::1 - - [10/Apr/2026:06:02:13 +0000] \"GET /health HTTP/1.1\" 200 77 \"-\" \"HTTPie\"","service":"acquisitions-api"}
{"level":"info","message":"::1 - - [10/Apr/2026:06:03:13 +0000] \"POST /api/auth/sign-in HTTP/1.1\" 200 30 \"-\" \"HTTPie\"","service":"acquisitions-api"}
{"level":"info","message":"::1 - - [14/Apr/2026:03:23:49 +0000] \"POST /api/auth/sign-up HTTP/1.1\" 200 30 \"-\" \"HTTPie\"","service":"acquisitions-api"}
{"level":"info","message":"::1 - - [14/Apr/2026:03:25:07 +0000] \"POST /api/auth/sign-up HTTP/1.1\" 200 30 \"-\" \"HTTPie\"","service":"acquisitions-api"}
{"level":"info","message":"::1 - - [14/Apr/2026:03:25:18 +0000] \"POST /api/auth/sign-up HTTP/1.1\" 200 30 \"-\" \"HTTPie\"","service":"acquisitions-api"}
{"level":"info","message":"::1 - - [14/Apr/2026:03:25:29 +0000] \"POST /api/auth/sign-up HTTP/1.1\" 200 30 \"-\" \"HTTPie\"","service":"acquisitions-api"}
{"level":"info","message":"::1 - - [14/Apr/2026:03:25:30 +0000] \"POST /api/auth/sign-up HTTP/1.1\" 200 30 \"-\" \"HTTPie\"","service":"acquisitions-api"}
{"level":"info","message":"::1 - - [14/Apr/2026:03:25:30 +0000] \"POST /api/auth/sign-up HTTP/1.1\" 200 30 \"-\" \"HTTPie\"","service":"acquisitions-api"}
{"level":"info","message":"::1 - - [14/Apr/2026:03:25:30 +0000] \"POST /api/auth/sign-up HTTP/1.1\" 200 30 \"-\" \"HTTPie\"","service":"acquisitions-api"}
{"level":"info","message":"::1 - - [14/Apr/2026:03:25:30 +0000] \"POST /api/auth/sign-up HTTP/1.1\" 200 30 \"-\" \"HTTPie\"","service":"acquisitions-api"}
{"level":"info","message":"::1 - - [14/Apr/2026:03:25:31 +0000] \"POST /api/auth/sign-up HTTP/1.1\" 200 30 \"-\" \"HTTPie\"","service":"acquisitions-api"}
{"level":"info","message":"::1 - - [14/Apr/2026:03:25:31 +0000] \"POST /api/auth/sign-up HTTP/1.1\" 200 30 \"-\" \"HTTPie\"","service":"acquisitions-api"}
{"level":"info","message":"::1 - - [14/Apr/2026:03:25:31 +0000] \"POST /api/auth/sign-up HTTP/1.1\" 200 30 \"-\" \"HTTPie\"","service":"acquisitions-api"}
{"level":"info","message":"::1 - - [14/Apr/2026:03:25:31 +0000] \"POST /api/auth/sign-up HTTP/1.1\" 200 30 \"-\" \"HTTPie\"","service":"acquisitions-api"}
{"level":"info","message":"::1 - - [14/Apr/2026:03:25:31 +0000] \"POST /api/auth/sign-up HTTP/1.1\" 200 30 \"-\" \"HTTPie\"","service":"acquisitions-api"}
{"level":"info","message":"::1 - - [14/Apr/2026:03:25:31 +0000] \"POST /api/auth/sign-up HTTP/1.1\" 200 30 \"-\" \"HTTPie\"","service":"acquisitions-api"}
{"level":"info","message":"::1 - - [14/Apr/2026:03:25:32 +0000] \"POST /api/auth/sign-up HTTP/1.1\" 200 30 \"-\" \"HTTPie\"","service":"acquisitions-api"}
{"level":"info","message":"::1 - - [14/Apr/2026:03:25:32 +0000] \"POST /api/auth/sign-up HTTP/1.1\" 200 30 \"-\" \"HTTPie\"","service":"acquisitions-api"}
{"level":"info","message":"::1 - - [14/Apr/2026:03:25:32 +0000] \"POST /api/auth/sign-up HTTP/1.1\" 200 30 \"-\" \"HTTPie\"","service":"acquisitions-api"}
{"level":"info","message":"::1 - - [14/Apr/2026:03:25:32 +0000] \"POST /api/auth/sign-up HTTP/1.1\" 200 30 \"-\" \"HTTPie\"","service":"acquisitions-api"}
{"level":"info","message":"::1 - - [14/Apr/2026:03:26:02 +0000] \"POST /api/auth/sign-up HTTP/1.1\" 200 30 \"-\" \"HTTPie\"","service":"acquisitions-api"}
{"level":"info","message":"::1 - - [14/Apr/2026:03:26:06 +0000] \"POST /api/auth/sign-up HTTP/1.1\" 200 30 \"-\" \"HTTPie\"","service":"acquisitions-api"}
{"level":"info","message":"::1 - - [14/Apr/2026:03:26:32 +0000] \"POST /api/auth/sign-up HTTP/1.1\" 200 30 \"-\" \"HTTPie\"","service":"acquisitions-api"}
{"level":"info","message":"::1 - - [14/Apr/2026:03:26:44 +0000] \"POST /api/auth/sign-up HTTP/1.1\" 200 30 \"-\" \"HTTPie\"","service":"acquisitions-api"}
{"level":"info","message":"::1 - - [14/Apr/2026:03:29:10 +0000] \"POST /api/auth/sign-up HTTP/1.1\" 400 1273 \"-\" \"HTTPie\"","service":"acquisitions-api"}
{"level":"error","message":"Signup error formatValidationError is not defined","service":"acquisitions-api","stack":"ReferenceError: formatValidationError is not defined\n    at signup (file:///Users/chandangarg/Desktop/acquisitions/src/controllers/auth.controller.js:10:18)\n    at Layer.handleRequest (/Users/chandangarg/Desktop/acquisitions/node_modules/router/lib/layer.js:152:17)\n    at next (/Users/chandangarg/Desktop/acquisitions/node_modules/router/lib/route.js:157:13)\n    at Route.dispatch (/Users/chandangarg/Desktop/acquisitions/node_modules/router/lib/route.js:117:3)\n    at handle (/Users/chandangarg/Desktop/acquisitions/node_modules/router/index.js:435:11)\n    at Layer.handleRequest (/Users/chandangarg/Desktop/acquisitions/node_modules/router/lib/layer.js:152:17)\n    at /Users/chandangarg/Desktop/acquisitions/node_modules/router/index.js:295:15\n    at processParams (/Users/chandangarg/Desktop/acquisitions/node_modules/router/index.js:582:12)\n    at next (/Users/chandangarg/Desktop/acquisitions/node_modules/router/index.js:291:5)\n    at router.handle (/Users/chandangarg/Desktop/acquisitions/node_modules/router/index.js:186:3)"}
{"level":"info","message":"::1 - - [14/Apr/2026:03:29:56 +0000] \"POST /api/auth/sign-up HTTP/1.1\" 400 1289 \"-\" \"HTTPie\"","service":"acquisitions-api"}
{"level":"info","message":"::1 - - [14/Apr/2026:03:31:44 +0000] \"POST /api/auth/sign-up HTTP/1.1\" 400 92 \"-\" \"HTTPie\"","service":"acquisitions-api"}
{"level":"info","message":"User registered successfully: contact@gmail.com","service":"acquisitions-api"}
{"level":"info","message":"::1 - - [14/Apr/2026:03:33:23 +0000] \"POST /api/auth/sign-up HTTP/1.1\" 201 110 \"-\" \"HTTPie\"","service":"acquisitions-api"}
{"level":"info","message":"::1 - - [14/Apr/2026:03:36:21 +0000] \"POST /api/auth/sign-in HTTP/1.1\" 404 156 \"-\" \"HTTPie\"","service":"acquisitions-api"}
{"level":"info","message":"::1 - - [14/Apr/2026:03:36:39 +0000] \"GET /api/auth/sign-in HTTP/1.1\" 404 155 \"-\" \"HTTPie\"","service":"acquisitions-api"}
{"level":"info","message":"::1 - - [14/Apr/2026:03:39:20 +0000] \"POST /api/auth/sign-in HTTP/1.1\" 404 156 \"-\" \"HTTPie\"","service":"acquisitions-api"}
{"level":"info","message":"User registered successfully: johndoe@gmail.com","service":"acquisitions-api"}
{"level":"info","message":"::1 - - [14/Apr/2026:03:51:02 +0000] \"POST /api/auth/sign-up HTTP/1.1\" 201 105 \"-\" \"HTTPie\"","service":"acquisitions-api"}
{"level":"info","message":"User registered successfully: johndoe2@gmail.com","service":"acquisitions-api"}
{"level":"info","message":"::1 - - [14/Apr/2026:03:51:30 +0000] \"POST /api/auth/sign-up HTTP/1.1\" 201 108 \"-\" \"HTTPie\"","service":"acquisitions-api"}
{"level":"info","message":"User registered successfully: johndoe2@gmail.com","service":"acquisitions-api"}
{"level":"info","message":"::1 - - [14/Apr/2026:03:51:35 +0000] \"POST /api/auth/sign-up HTTP/1.1\" 201 108 \"-\" \"HTTPie\"","service":"acquisitions-api"}
{"level":"info","message":"User registered successfully: johndoe2@gmail.com","service":"acquisitions-api"}
{"level":"info","message":"::1 - - [14/Apr/2026:03:51:38 +0000] \"POST /api/auth/sign-up HTTP/1.1\" 201 108 \"-\" \"HTTPie\"","service":"acquisitions-api"}
{"level":"info","message":"User registered successfully: johndoe2@gmail.com","service":"acquisitions-api"}
{"level":"info","message":"::1 - - [14/Apr/2026:03:51:38 +0000] \"POST /api/auth/sign-up HTTP/1.1\" 201 108 \"-\" \"HTTPie\"","service":"acquisitions-api"}
{"level":"info","message":"User registered successfully: johndoe2@gmail.com","service":"acquisitions-api"}
{"level":"info","message":"::1 - - [14/Apr/2026:03:51:39 +0000] \"POST /api/auth/sign-up HTTP/1.1\" 201 108 \"-\" \"HTTPie\"","service":"acquisitions-api"}
{"level":"info","message":"User registered successfully: johndoe2@gmail.com","service":"acquisitions-api"}
{"level":"info","message":"::1 - - [14/Apr/2026:03:51:39 +0000] \"POST /api/auth/sign-up HTTP/1.1\" 201 108 \"-\" \"HTTPie\"","service":"acquisitions-api"}
{"level":"info","message":"User registered successfully: johndoe2@gmail.com","service":"acquisitions-api"}
{"level":"info","message":"::1 - - [14/Apr/2026:03:51:39 +0000] \"POST /api/auth/sign-up HTTP/1.1\" 201 108 \"-\" \"HTTPie\"","service":"acquisitions-api"}
{"level":"info","message":"User registered successfully: johndoe2@gmail.com","service":"acquisitions-api"}
{"level":"info","message":"::1 - - [14/Apr/2026:03:51:39 +0000] \"POST /api/auth/sign-up HTTP/1.1\" 201 108 \"-\" \"HTTPie\"","service":"acquisitions-api"}
{"level":"info","message":"User registered successfully: johndoe2@gmail.com","service":"acquisitions-api"}
{"level":"info","message":"::1 - - [14/Apr/2026:03:51:39 +0000] \"POST /api/auth/sign-up HTTP/1.1\" 201 108 \"-\" \"HTTPie\"","service":"acquisitions-api"}
{"level":"info","message":"User registered successfully: johndoe2@gmail.com","service":"acquisitions-api"}
{"level":"info","message":"::1 - - [14/Apr/2026:03:51:39 +0000] \"POST /api/auth/sign-up HTTP/1.1\" 201 108 \"-\" \"HTTPie\"","service":"acquisitions-api"}
{"level":"info","message":"User registered successfully: johndoe2@gmail.com","service":"acquisitions-api"}
{"level":"info","message":"::1 - - [14/Apr/2026:03:51:40 +0000] \"POST /api/auth/sign-up HTTP/1.1\" 201 108 \"-\" \"HTTPie\"","service":"acquisitions-api"}
{"level":"info","message":"User registered successfully: johndoe2@gmail.com","service":"acquisitions-api"}
{"level":"info","message":"::1 - - [14/Apr/2026:03:51:40 +0000] \"POST /api/auth/sign-up HTTP/1.1\" 201 108 \"-\" \"HTTPie\"","service":"acquisitions-api"}
{"level":"info","message":"User registered successfully: johndoe2@gmail.com","service":"acquisitions-api"}
{"level":"info","message":"::1 - - [14/Apr/2026:03:51:40 +0000] \"POST /api/auth/sign-up HTTP/1.1\" 201 108 \"-\" \"HTTPie\"","service":"acquisitions-api"}
{"level":"info","message":"User registered successfully: johndoe2@gmail.com","service":"acquisitions-api"}
{"level":"info","message":"::1 - - [14/Apr/2026:03:51:40 +0000] \"POST /api/auth/sign-up HTTP/1.1\" 201 108 \"-\" \"HTTPie\"","service":"acquisitions-api"}
{"level":"info","message":"User registered successfully: johndoe2@gmail.com","service":"acquisitions-api"}
{"level":"info","message":"::1 - - [14/Apr/2026:03:51:40 +0000] \"POST /api/auth/sign-up HTTP/1.1\" 201 108 \"-\" \"HTTPie\"","service":"acquisitions-api"}
{"level":"info","message":"User registered successfully: johndoe2@gmail.com","service":"acquisitions-api"}
{"level":"info","message":"::1 - - [14/Apr/2026:03:51:40 +0000] \"POST /api/auth/sign-up HTTP/1.1\" 201 108 \"-\" \"HTTPie\"","service":"acquisitions-api"}
{"level":"info","message":"User registered successfully: johndoe2@gmail.com","service":"acquisitions-api"}
{"level":"info","message":"::1 - - [14/Apr/2026:03:51:40 +0000] \"POST /api/auth/sign-up HTTP/1.1\" 201 108 \"-\" \"HTTPie\"","service":"acquisitions-api"}
{"level":"info","message":"User registered successfully: johndoe2@gmail.com","service":"acquisitions-api"}
{"level":"info","message":"::1 - - [14/Apr/2026:03:51:41 +0000] \"POST /api/auth/sign-up HTTP/1.1\" 201 108 \"-\" \"HTTPie\"","service":"acquisitions-api"}
{"level":"info","message":"User registered successfully: johndoe2@gmail.com","service":"acquisitions-api"}
{"level":"info","message":"::1 - - [14/Apr/2026:03:51:41 +0000] \"POST /api/auth/sign-up HTTP/1.1\" 201 108 \"-\" \"HTTPie\"","service":"acquisitions-api"}
{"level":"info","message":"User registered successfully: johndoe2@gmail.com","service":"acquisitions-api"}
{"level":"info","message":"::1 - - [14/Apr/2026:03:51:41 +0000] \"POST /api/auth/sign-up HTTP/1.1\" 201 108 \"-\" \"HTTPie\"","service":"acquisitions-api"}
{"level":"info","message":"User registered successfully: johndoe2@gmail.com","service":"acquisitions-api"}
{"level":"info","message":"::1 - - [14/Apr/2026:03:51:41 +0000] \"POST /api/auth/sign-up HTTP/1.1\" 201 108 \"-\" \"HTTPie\"","service":"acquisitions-api"}
{"level":"info","message":"User registered successfully: johndoe2@gmail.com","service":"acquisitions-api"}
{"level":"info","message":"::1 - - [14/Apr/2026:03:51:41 +0000] \"POST /api/auth/sign-up HTTP/1.1\" 201 108 \"-\" \"HTTPie\"","service":"acquisitions-api"}
{"level":"info","message":"User registered successfully: johndoe2@gmail.com","service":"acquisitions-api"}
{"level":"info","message":"::1 - - [14/Apr/2026:03:51:41 +0000] \"POST /api/auth/sign-up HTTP/1.1\" 201 108 \"-\" \"HTTPie\"","service":"acquisitions-api"}
{"level":"info","message":"User registered successfully: johndoe2@gmail.com","service":"acquisitions-api"}
{"level":"info","message":"::1 - - [14/Apr/2026:03:51:42 +0000] \"POST /api/auth/sign-up HTTP/1.1\" 201 108 \"-\" \"HTTPie\"","service":"acquisitions-api"}
{"level":"info","message":"User registered successfully: johndoe2@gmail.com","service":"acquisitions-api"}
{"level":"info","message":"::1 - - [14/Apr/2026:03:51:42 +0000] \"POST /api/auth/sign-up HTTP/1.1\" 201 108 \"-\" \"HTTPie\"","service":"acquisitions-api"}
{"level":"info","message":"User registered successfully: cgarg@gmail.com","service":"acquisitions-api"}
{"level":"info","message":"::1 - - [14/Apr/2026:03:52:57 +0000] \"POST /api/auth/sign-up HTTP/1.1\" 201 107 \"-\" \"HTTPie\"","service":"acquisitions-api"}
{"level":"error","message":"Signup error password is not defined","service":"acquisitions-api","stack":"ReferenceError: password is not defined\n    at signup (file:///Users/chandangarg/Desktop/acquisitions/src/controllers/auth.controller.js:18:50)\n    at Layer.handleRequest (/Users/chandangarg/Desktop/acquisitions/node_modules/router/lib/layer.js:152:17)\n    at next (/Users/chandangarg/Desktop/acquisitions/node_modules/router/lib/route.js:157:13)\n    at Route.dispatch (/Users/chandangarg/Desktop/acquisitions/node_modules/router/lib/route.js:117:3)\n    at handle (/Users/chandangarg/Desktop/acquisitions/node_modules/router/index.js:435:11)\n    at Layer.handleRequest (/Users/chandangarg/Desktop/acquisitions/node_modules/router/lib/layer.js:152:17)\n    at /Users/chandangarg/Desktop/acquisitions/node_modules/router/index.js:295:15\n    at processParams (/Users/chandangarg/Desktop/acquisitions/node_modules/router/index.js:582:12)\n    at next (/Users/chandangarg/Desktop/acquisitions/node_modules/router/index.js:291:5)\n    at router.handle (/Users/chandangarg/Desktop/acquisitions/node_modules/router/index.js:186:3)"}
{"level":"info","message":"::1 - - [14/Apr/2026:04:30:31 +0000] \"POST /api/auth/sign-up HTTP/1.1\" 500 1276 \"-\" \"HTTPie\"","service":"acquisitions-api"}
{"level":"error","message":"Signup error logger is not defined","service":"acquisitions-api","stack":"ReferenceError: logger is not defined\n    at createUser (file:///Users/chandangarg/Desktop/acquisitions/src/services/auth.service.js:48:5)\n    at async signup (file:///Users/chandangarg/Desktop/acquisitions/src/controllers/auth.controller.js:19:18)"}
{"level":"info","message":"::1 - - [14/Apr/2026:04:34:08 +0000] \"POST /api/auth/sign-up HTTP/1.1\" 500 401 \"-\" \"HTTPie\"","service":"acquisitions-api"}
{"level":"error","message":"Signup error logger is not defined","service":"acquisitions-api","stack":"ReferenceError: logger is not defined\n    at createUser (file:///Users/chandangarg/Desktop/acquisitions/src/services/auth.service.js:48:5)\n    at async signup (file:///Users/chandangarg/Desktop/acquisitions/src/controllers/auth.controller.js:19:18)"}
{"level":"info","message":"::1 - - [14/Apr/2026:04:34:31 +0000] \"POST /api/auth/sign-up HTTP/1.1\" 500 401 \"-\" \"HTTPie\"","service":"acquisitions-api"}
{"level":"error","message":"Error creating the user: Cannot convert undefined or null to object","service":"acquisitions-api"}
{"level":"error","message":"Signup error Cannot convert undefined or null to object","service":"acquisitions-api","stack":"TypeError: Cannot convert undefined or null to object\n    at Object.entries (<anonymous>)\n    at orderSelectedFields (file:///Users/chandangarg/Desktop/acquisitions/node_modules/drizzle-orm/utils.js:55:17)\n    at file:///Users/chandangarg/Desktop/acquisitions/node_modules/drizzle-orm/utils.js:65:22\n    at Array.reduce (<anonymous>)\n    at orderSelectedFields (file:///Users/chandangarg/Desktop/acquisitions/node_modules/drizzle-orm/utils.js:55:33)\n    at QueryPromise.returning (file:///Users/chandangarg/Desktop/acquisitions/node_modules/drizzle-orm/pg-core/query-builders/insert.js:75:29)\n    at createUser (file:///Users/chandangarg/Desktop/acquisitions/src/services/auth.service.js:36:8)\n    at async signup (file:///Users/chandangarg/Desktop/acquisitions/src/controllers/auth.controller.js:19:18)"}
{"level":"info","message":"::1 - - [14/Apr/2026:04:34:51 +0000] \"POST /api/auth/sign-up HTTP/1.1\" 500 1046 \"-\" \"HTTPie\"","service":"acquisitions-api"}
{"level":"info","message":"User cgarg@gmail.com created successfully","service":"acquisitions-api"}
{"level":"info","message":"User registered successfully: cgarg@gmail.com","service":"acquisitions-api"}
{"level":"info","message":"::1 - - [14/Apr/2026:04:40:04 +0000] \"POST /api/auth/sign-up HTTP/1.1\" 201 107 \"-\" \"HTTPie\"","service":"acquisitions-api"}
{"level":"info","message":"User varun@gmail.com created successfully","service":"acquisitions-api"}
{"level":"info","message":"User registered successfully: varun@gmail.com","service":"acquisitions-api"}
{"level":"info","message":"::1 - - [14/Apr/2026:04:40:22 +0000] \"POST /api/auth/sign-up HTTP/1.1\" 201 105 \"-\" \"HTTPie\"","service":"acquisitions-api"}
{"level":"error","message":"Error creating the user: User with this email already exists","service":"acquisitions-api"}
{"level":"error","message":"Signup error User with this email already exists","service":"acquisitions-api","stack":"Error: User with this email already exists\n    at createUser (file:///Users/chandangarg/Desktop/acquisitions/src/services/auth.service.js:27:13)\n    at process.processTicksAndRejections (node:internal/process/task_queues:104:5)\n    at async signup (file:///Users/chandangarg/Desktop/acquisitions/src/controllers/auth.controller.js:19:18)"}
{"level":"info","message":"::1 - - [14/Apr/2026:04:40:24 +0000] \"POST /api/auth/sign-up HTTP/1.1\" 409 34 \"-\" \"HTTPie\"","service":"acquisitions-api"}
{"level":"error","message":"Signin error signinSchema is not defined","service":"acquisitions-api","stack":"ReferenceError: signinSchema is not defined\n    at signin (file:///Users/chandangarg/Desktop/acquisitions/src/controllers/auth.controller.js:49:30)\n    at Layer.handleRequest (/Users/chandangarg/Desktop/acquisitions/node_modules/router/lib/layer.js:152:17)\n    at next (/Users/chandangarg/Desktop/acquisitions/node_modules/router/lib/route.js:157:13)\n    at Route.dispatch (/Users/chandangarg/Desktop/acquisitions/node_modules/router/lib/route.js:117:3)\n    at handle (/Users/chandangarg/Desktop/acquisitions/node_modules/router/index.js:435:11)\n    at Layer.handleRequest (/Users/chandangarg/Desktop/acquisitions/node_modules/router/lib/layer.js:152:17)\n    at /Users/chandangarg/Desktop/acquisitions/node_modules/router/index.js:295:15\n    at processParams (/Users/chandangarg/Desktop/acquisitions/node_modules/router/index.js:582:12)\n    at next (/Users/chandangarg/Desktop/acquisitions/node_modules/router/index.js:291:5)\n    at router.handle (/Users/chandangarg/Desktop/acquisitions/node_modules/router/index.js:186:3)"}
{"level":"info","message":"::1 - - [14/Apr/2026:04:40:35 +0000] \"POST /api/auth/sign-in HTTP/1.1\" 500 1280 \"-\" \"HTTPie\"","service":"acquisitions-api"}
{"level":"info","message":"User paridhi@gmail.com created successfully","service":"acquisitions-api"}
{"level":"info","message":"User registered successfully: paridhi@gmail.com","service":"acquisitions-api"}
{"level":"info","message":"::1 - - [14/Apr/2026:04:42:26 +0000] \"POST /api/auth/sign-up HTTP/1.1\" 201 104 \"-\" \"HTTPie\"","service":"acquisitions-api"}
{"level":"error","message":"Signin error signinSchema is not defined","service":"acquisitions-api","stack":"ReferenceError: signinSchema is not defined\n    at signin (file:///Users/chandangarg/Desktop/acquisitions/src/controllers/auth.controller.js:49:30)\n    at Layer.handleRequest (/Users/chandangarg/Desktop/acquisitions/node_modules/router/lib/layer.js:152:17)\n    at next (/Users/chandangarg/Desktop/acquisitions/node_modules/router/lib/route.js:157:13)\n    at Route.dispatch (/Users/chandangarg/Desktop/acquisitions/node_modules/router/lib/route.js:117:3)\n    at handle (/Users/chandangarg/Desktop/acquisitions/node_modules/router/index.js:435:11)\n    at Layer.handleRequest (/Users/chandangarg/Desktop/acquisitions/node_modules/router/lib/layer.js:152:17)\n    at /Users/chandangarg/Desktop/acquisitions/node_modules/router/index.js:295:15\n    at processParams (/Users/chandangarg/Desktop/acquisitions/node_modules/router/index.js:582:12)\n    at next (/Users/chandangarg/Desktop/acquisitions/node_modules/router/index.js:291:5)\n    at router.handle (/Users/chandangarg/Desktop/acquisitions/node_modules/router/index.js:186:3)"}
{"level":"info","message":"::1 - - [14/Apr/2026:04:42:50 +0000] \"POST /api/auth/sign-in HTTP/1.1\" 500 1280 \"-\" \"HTTPie\"","service":"acquisitions-api"}
{"level":"error","message":"Signin error getUserByEmail is not defined","service":"acquisitions-api","stack":"ReferenceError: getUserByEmail is not defined\n    at signin (file:///Users/chandangarg/Desktop/acquisitions/src/controllers/auth.controller.js:60:18)\n    at Layer.handleRequest (/Users/chandangarg/Desktop/acquisitions/node_modules/router/lib/layer.js:152:17)\n    at next (/Users/chandangarg/Desktop/acquisitions/node_modules/router/lib/route.js:157:13)\n    at Route.dispatch (/Users/chandangarg/Desktop/acquisitions/node_modules/router/lib/route.js:117:3)\n    at handle (/Users/chandangarg/Desktop/acquisitions/node_modules/router/index.js:435:11)\n    at Layer.handleRequest (/Users/chandangarg/Desktop/acquisitions/node_modules/router/lib/layer.js:152:17)\n    at /Users/chandangarg/Desktop/acquisitions/node_modules/router/index.js:295:15\n    at processParams (/Users/chandangarg/Desktop/acquisitions/node_modules/router/index.js:582:12)\n    at next (/Users/chandangarg/Desktop/acquisitions/node_modules/router/index.js:291:5)\n    at router.handle (/Users/chandangarg/Desktop/acquisitions/node_modules/router/index.js:186:3)"}
{"level":"info","message":"::1 - - [14/Apr/2026:04:57:11 +0000] \"POST /api/auth/sign-in HTTP/1.1\" 500 1282 \"-\" \"HTTPie\"","service":"acquisitions-api"}
{"level":"info","message":"User santosh@gmail.com created successfully","service":"acquisitions-api"}
{"level":"info","message":"User registered successfully: santosh@gmail.com","service":"acquisitions-api"}
{"level":"info","message":"::1 - - [14/Apr/2026:04:59:44 +0000] \"POST /api/auth/sign-up HTTP/1.1\" 201 104 \"-\" \"HTTPie\"","service":"acquisitions-api"}
{"level":"info","message":"User authenticated successfully: santosh@gmail.com","service":"acquisitions-api"}
{"level":"info","message":"User logged in successfully: santosh@gmail.com","service":"acquisitions-api"}
{"level":"info","message":"::1 - - [14/Apr/2026:05:09:16 +0000] \"POST /api/auth/sign-in HTTP/1.1\" 200 103 \"-\" \"HTTPie\"","service":"acquisitions-api"}
{"level":"info","message":"User logged out successfully","service":"acquisitions-api"}
{"level":"info","message":"::1 - - [14/Apr/2026:05:10:01 +0000] \"POST /api/auth/sign-out HTTP/1.1\" 200 29 \"-\" \"HTTPie\"","service":"acquisitions-api"}
{"level":"info","message":"User authenticated successfully: santosh@gmail.com","service":"acquisitions-api"}
{"level":"info","message":"User logged in successfully: santosh@gmail.com","service":"acquisitions-api"}
{"level":"info","message":"::1 - - [14/Apr/2026:05:10:59 +0000] \"POST /api/auth/sign-in HTTP/1.1\" 200 103 \"-\" \"HTTPie\"","service":"acquisitions-api"}
{"level":"info","message":"User authenticated successfully: santosh@gmail.com","service":"acquisitions-api"}
{"level":"info","message":"User logged in successfully: santosh@gmail.com","service":"acquisitions-api"}
{"level":"info","message":"::1 - - [14/Apr/2026:05:11:04 +0000] \"POST /api/auth/sign-in HTTP/1.1\" 200 103 \"-\" \"HTTPie\"","service":"acquisitions-api"}
{"level":"info","message":"User logged out successfully","service":"acquisitions-api"}
{"level":"info","message":"::1 - - [14/Apr/2026:05:11:10 +0000] \"POST /api/auth/sign-out HTTP/1.1\" 200 29 \"-\" \"HTTPie\"","service":"acquisitions-api"}
{"level":"info","message":"User authenticated successfully: santosh@gmail.com","service":"acquisitions-api"}
{"level":"info","message":"User logged in successfully: santosh@gmail.com","service":"acquisitions-api"}
{"level":"info","message":"::1 - - [14/Apr/2026:05:11:18 +0000] \"POST /api/auth/sign-in HTTP/1.1\" 200 103 \"-\" \"HTTPie\"","service":"acquisitions-api"}
{"level":"info","message":"User authenticated successfully: santosh@gmail.com","service":"acquisitions-api"}
{"level":"info","message":"User logged in successfully: santosh@gmail.com","service":"acquisitions-api"}
{"level":"info","message":"::1 - - [14/Apr/2026:07:48:13 +0000] \"POST /api/auth/sign-in HTTP/1.1\" 200 103 \"-\" \"HTTPie\"","service":"acquisitions-api"}
{"level":"info","message":"::1 - - [14/Apr/2026:07:48:23 +0000] \"POST /api/health HTTP/1.1\" 404 150 \"-\" \"HTTPie\"","service":"acquisitions-api"}
{"level":"info","message":"::1 - - [14/Apr/2026:07:48:29 +0000] \"POST /health HTTP/1.1\" 404 146 \"-\" \"HTTPie\"","service":"acquisitions-api"}
{"level":"info","message":"::1 - - [14/Apr/2026:07:50:50 +0000] \"POST /health HTTP/1.1\" 404 146 \"-\" \"HTTPie\"","service":"acquisitions-api"}
{"level":"info","message":"::1 - - [14/Apr/2026:07:53:29 +0000] \"POST /health HTTP/1.1\" 404 146 \"-\" \"HTTPie\"","service":"acquisitions-api"}
{"level":"info","message":"::1 - - [14/Apr/2026:07:53:30 +0000] \"POST /health HTTP/1.1\" 404 146 \"-\" \"HTTPie\"","service":"acquisitions-api"}
{"level":"info","message":"::1 - - [14/Apr/2026:07:53:47 +0000] \"POST /health HTTP/1.1\" 404 146 \"-\" \"HTTPie\"","service":"acquisitions-api"}
{"level":"info","message":"::1 - - [14/Apr/2026:07:55:08 +0000] \"POST /api/health HTTP/1.1\" 404 150 \"-\" \"HTTPie\"","service":"acquisitions-api"}
{"level":"info","message":"::1 - - [14/Apr/2026:07:55:13 +0000] \"POST /health HTTP/1.1\" 404 146 \"-\" \"HTTPie\"","service":"acquisitions-api"}
{"level":"info","message":"::1 - - [14/Apr/2026:07:55:41 +0000] \"GET /health HTTP/1.1\" 200 74 \"-\" \"HTTPie\"","service":"acquisitions-api"}
{"level":"info","message":"::1 - - [14/Apr/2026:07:57:10 +0000] \"GET /health HTTP/1.1\" 200 77 \"-\" \"HTTPie\"","service":"acquisitions-api"}
{"level":"info","message":"::1 - - [14/Apr/2026:07:57:10 +0000] \"GET /health HTTP/1.1\" 200 77 \"-\" \"HTTPie\"","service":"acquisitions-api"}
{"level":"info","message":"::1 - - [14/Apr/2026:07:57:11 +0000] \"GET /health HTTP/1.1\" 200 76 \"-\" \"HTTPie\"","service":"acquisitions-api"}
{"level":"info","message":"::1 - - [14/Apr/2026:07:57:12 +0000] \"GET /health HTTP/1.1\" 200 76 \"-\" \"HTTPie\"","service":"acquisitions-api"}
{"level":"info","message":"::1 - - [14/Apr/2026:07:57:12 +0000] \"GET /health HTTP/1.1\" 200 77 \"-\" \"HTTPie\"","service":"acquisitions-api"}
{"ip":"::1","level":"warn","message":"Rate limit exceeded","path":"/health","service":"acquisitions-api","userAgent":"HTTPie"}
{"ip":"::1","level":"warn","message":"Rate limit exceeded","path":"/health","service":"acquisitions-api","userAgent":"HTTPie"}
{"ip":"::1","level":"warn","message":"Rate limit exceeded","path":"/health","service":"acquisitions-api","userAgent":"HTTPie"}
{"ip":"::1","level":"warn","message":"Rate limit exceeded","path":"/health","service":"acquisitions-api","userAgent":"HTTPie"}
{"ip":"::1","level":"warn","message":"Rate limit exceeded","path":"/health","service":"acquisitions-api","userAgent":"HTTPie"}
{"ip":"::1","level":"warn","message":"Rate limit exceeded","path":"/health","service":"acquisitions-api","userAgent":"HTTPie"}
{"level":"info","message":"Hello from Acquisitions!","service":"acquisitions-api"}
{"level":"info","message":"::1 - - [15/Apr/2026:11:51:56 +0000] \"GET / HTTP/1.1\" 200 24 \"-\" \"Mozilla/5.0 (Macintosh; Intel Mac OS X 10_15_7) AppleWebKit/537.36 (KHTML, like Gecko) Chrome/147.0.0.0 Safari/537.36\"","service":"acquisitions-api"}
{"level":"info","message":"::1 - - [15/Apr/2026:11:51:57 +0000] \"GET /favicon.ico HTTP/1.1\" 404 150 \"-\" \"Mozilla/5.0 (Macintosh; Intel Mac OS X 10_15_7) AppleWebKit/537.36 (KHTML, like Gecko) Chrome/147.0.0.0 Safari/537.36\"","service":"acquisitions-api"}
{"level":"info","message":"::1 - - [15/Apr/2026:11:52:08 +0000] \"GET /api/users/2 HTTP/1.1\" 401 63 \"-\" \"Mozilla/5.0 (Macintosh; Intel Mac OS X 10_15_7) AppleWebKit/537.36 (KHTML, like Gecko) Chrome/147.0.0.0 Safari/537.36\"","service":"acquisitions-api"}
{"level":"info","message":"::1 - - [15/Apr/2026:12:23:55 +0000] \"GET /api/users HTTP/1.1\" 401 72 \"-\" \"HTTPie\"","service":"acquisitions-api"}
{"level":"error","message":"Error authenticating user: Email doesn't exists","service":"acquisitions-api"}
{"level":"error","message":"Signin error Email doesn't exists","service":"acquisitions-api","stack":"Error: Email doesn't exists\n    at authenticateUser (file:///Users/chandangarg/Desktop/acquisitions/src/services/auth.service.js:34:13)\n    at process.processTicksAndRejections (node:internal/process/task_queues:104:5)\n    at async signin (file:///Users/chandangarg/Desktop/acquisitions/src/controllers/auth.controller.js:69:18)"}
{"level":"info","message":"::1 - - [15/Apr/2026:12:27:26 +0000] \"POST /api/auth/sign-in HTTP/1.1\" 401 39 \"-\" \"HTTPie\"","service":"acquisitions-api"}
{"level":"error","message":"Error authenticating user: Email doesn't exists","service":"acquisitions-api"}
{"level":"error","message":"Signin error Email doesn't exists","service":"acquisitions-api","stack":"Error: Email doesn't exists\n    at authenticateUser (file:///Users/chandangarg/Desktop/acquisitions/src/services/auth.service.js:34:13)\n    at process.processTicksAndRejections (node:internal/process/task_queues:104:5)\n    at async signin (file:///Users/chandangarg/Desktop/acquisitions/src/controllers/auth.controller.js:69:18)"}
{"level":"info","message":"::1 - - [15/Apr/2026:12:27:42 +0000] \"POST /api/auth/sign-in HTTP/1.1\" 401 39 \"-\" \"HTTPie\"","service":"acquisitions-api"}
{"level":"error","message":"Error authenticating user: Email doesn't exists","service":"acquisitions-api"}
{"level":"error","message":"Signin error Email doesn't exists","service":"acquisitions-api","stack":"Error: Email doesn't exists\n    at authenticateUser (file:///Users/chandangarg/Desktop/acquisitions/src/services/auth.service.js:34:13)\n    at process.processTicksAndRejections (node:internal/process/task_queues:104:5)\n    at async signin (file:///Users/chandangarg/Desktop/acquisitions/src/controllers/auth.controller.js:69:18)"}
{"level":"info","message":"::1 - - [15/Apr/2026:12:28:02 +0000] \"POST /api/auth/sign-in HTTP/1.1\" 401 39 \"-\" \"HTTPie\"","service":"acquisitions-api"}
{"level":"info","message":"User adarsh@gmail.com created successfully","service":"acquisitions-api"}
{"level":"info","message":"User registered successfully: adarsh@gmail.com","service":"acquisitions-api"}
{"level":"info","message":"::1 - - [15/Apr/2026:12:28:49 +0000] \"POST /api/auth/sign-up HTTP/1.1\" 201 108 \"-\" \"HTTPie\"","service":"acquisitions-api"}
{"level":"info","message":"::1 - - [15/Apr/2026:12:28:57 +0000] \"POST /api/users HTTP/1.1\" 404 149 \"-\" \"HTTPie\"","service":"acquisitions-api"}
{"level":"info","message":"::1 - - [15/Apr/2026:12:29:01 +0000] \"GET /api/users HTTP/1.1\" 401 72 \"-\" \"HTTPie\"","service":"acquisitions-api"}
{"level":"info","message":"::1 - - [15/Apr/2026:12:29:13 +0000] \"GET /api/auth/sign-in HTTP/1.1\" 404 155 \"-\" \"HTTPie\"","service":"acquisitions-api"}
{"level":"info","message":"User authenticated successfully: adarsh@gmail.com","service":"acquisitions-api"}
{"level":"info","message":"User logged in successfully: adarsh@gmail.com","service":"acquisitions-api"}
{"level":"info","message":"::1 - - [15/Apr/2026:12:29:17 +0000] \"POST /api/auth/sign-in HTTP/1.1\" 200 107 \"-\" \"HTTPie\"","service":"acquisitions-api"}
{"level":"info","message":"User authenticated: adarsh@gmail.com (user)","service":"acquisitions-api"}
{"level":"info","message":"Getting users...","service":"acquisitions-api"}
{"level":"info","message":"::1 - - [15/Apr/2026:12:29:42 +0000] \"GET /api/users HTTP/1.1\" 200 214 \"-\" \"HTTPie\"","service":"acquisitions-api"}
{"level":"info","message":"User authenticated: adarsh@gmail.com (user)","service":"acquisitions-api"}
{"level":"info","message":"Getting user with id 1","service":"acquisitions-api"}
{"level":"info","message":"::1 - - [15/Apr/2026:12:29:53 +0000] \"GET /api/users/1 HTTP/1.1\" 404 28 \"-\" \"HTTPie\"","service":"acquisitions-api"}
{"ip":"::1","level":"warn","message":"Rate limit exceeded","path":"/api/users/5","service":"acquisitions-api","userAgent":"HTTPie"}
{"level":"info","message":"::1 - - [15/Apr/2026:12:30:26 +0000] \"GET /api/users/5 HTTP/1.1\" 401 72 \"-\" \"HTTPie\"","service":"acquisitions-api"}
{"level":"info","message":"User authenticated: adarsh@gmail.com (user)","service":"acquisitions-api"}
{"level":"info","message":"Getting user with id 5","service":"acquisitions-api"}
{"level":"info","message":"::1 - - [15/Apr/2026:12:30:31 +0000] \"GET /api/users/5 HTTP/1.1\" 200 200 \"-\" \"HTTPie\"","service":"acquisitions-api"}
{"level":"info","message":"User authenticated: adarsh@gmail.com (user)","service":"acquisitions-api"}
{"level":"info","message":"Deleting user with id 5","service":"acquisitions-api"}
{"level":"info","message":"::1 - - [15/Apr/2026:12:30:54 +0000] \"DELETE /api/users/5 HTTP/1.1\" 200 39 \"-\" \"HTTPie\"","service":"acquisitions-api"}
{"level":"info","message":"User authenticated: adarsh@gmail.com (user)","service":"acquisitions-api"}
{"level":"info","message":"Getting user with id 5","service":"acquisitions-api"}
{"level":"info","message":"::1 - - [15/Apr/2026:12:31:00 +0000] \"GET /api/users/5 HTTP/1.1\" 404 28 \"-\" \"HTTPie\"","service":"acquisitions-api"}
{"level":"info","message":"User adarsh@gmail.com created successfully","service":"acquisitions-api"}
{"level":"info","message":"User registered successfully: adarsh@gmail.com","service":"acquisitions-api"}
{"level":"info","message":"::1 - - [15/Apr/2026:12:43:05 +0000] \"POST /api/auth/sign-up HTTP/1.1\" 201 108 \"-\" \"HTTPie\"","service":"acquisitions-api"}
{"level":"info","message":"User cgarg@gmail.com created successfully","service":"acquisitions-api"}
{"level":"info","message":"User registered successfully: cgarg@gmail.com","service":"acquisitions-api"}
{"level":"info","message":"::1 - - [15/Apr/2026:12:43:34 +0000] \"POST /api/auth/sign-up HTTP/1.1\" 201 108 \"-\" \"HTTPie\"","service":"acquisitions-api"}
{"level":"info","message":"User varun@gmail.com created successfully","service":"acquisitions-api"}
{"level":"info","message":"User registered successfully: varun@gmail.com","service":"acquisitions-api"}
{"level":"info","message":"::1 - - [15/Apr/2026:12:43:55 +0000] \"POST /api/auth/sign-up HTTP/1.1\" 201 105 \"-\" \"HTTPie\"","service":"acquisitions-api"}
{"level":"info","message":"User aaditya@gmail.com created successfully","service":"acquisitions-api"}
{"level":"info","message":"User registered successfully: aaditya@gmail.com","service":"acquisitions-api"}
{"level":"info","message":"::1 - - [15/Apr/2026:12:44:26 +0000] \"POST /api/auth/sign-up HTTP/1.1\" 201 109 \"-\" \"HTTPie\"","service":"acquisitions-api"}
{"level":"info","message":"::1 - - [15/Apr/2026:12:44:41 +0000] \"GET /api/users HTTP/1.1\" 401 72 \"-\" \"HTTPie\"","service":"acquisitions-api"}
{"level":"info","message":"::1 - - [15/Apr/2026:12:44:58 +0000] \"GET /api/auth/sign-in HTTP/1.1\" 404 155 \"-\" \"HTTPie\"","service":"acquisitions-api"}
{"level":"info","message":"User authenticated successfully: aaditya@gmail.com","service":"acquisitions-api"}
{"level":"info","message":"User logged in successfully: aaditya@gmail.com","service":"acquisitions-api"}
{"level":"info","message":"::1 - - [15/Apr/2026:12:45:05 +0000] \"POST /api/auth/sign-in HTTP/1.1\" 200 108 \"-\" \"HTTPie\"","service":"acquisitions-api"}
{"level":"info","message":"::1 - - [15/Apr/2026:12:45:20 +0000] \"POST /api/delete/6 HTTP/1.1\" 404 152 \"-\" \"HTTPie\"","service":"acquisitions-api"}
{"level":"info","message":"::1 - - [15/Apr/2026:12:45:57 +0000] \"DELETE /api/users/6 HTTP/1.1\" 401 72 \"-\" \"HTTPie\"","service":"acquisitions-api"}
{"level":"info","message":"User authenticated successfully: aaditya@gmail.com","service":"acquisitions-api"}
{"level":"info","message":"User logged in successfully: aaditya@gmail.com","service":"acquisitions-api"}
{"level":"info","message":"::1 - - [15/Apr/2026:12:46:13 +0000] \"POST /api/auth/sign-in HTTP/1.1\" 200 108 \"-\" \"HTTPie\"","service":"acquisitions-api"}
{"level":"info","message":"User authenticated: aaditya@gmail.com (user)","service":"acquisitions-api"}
{"level":"info","message":"::1 - - [15/Apr/2026:12:46:32 +0000] \"DELETE /api/users/6 HTTP/1.1\" 403 50 \"-\" \"HTTPie\"","service":"acquisitions-api"}
{"level":"info","message":"User authenticated successfully: cgarg@gmail.com","service":"acquisitions-api"}
{"level":"info","message":"User logged in successfully: cgarg@gmail.com","service":"acquisitions-api"}
{"level":"info","message":"::1 - - [15/Apr/2026:12:47:02 +0000] \"POST /api/auth/sign-in HTTP/1.1\" 200 107 \"-\" \"HTTPie\"","service":"acquisitions-api"}
{"level":"info","message":"User authenticated: cgarg@gmail.com (admin)","service":"acquisitions-api"}
{"level":"info","message":"Deleting user with id 6","service":"acquisitions-api"}
{"level":"info","message":"::1 - - [15/Apr/2026:12:47:29 +0000] \"DELETE /api/users/6 HTTP/1.1\" 200 39 \"-\" \"HTTPie\"","service":"acquisitions-api"}
{"level":"info","message":"User authenticated: cgarg@gmail.com (admin)","service":"acquisitions-api"}
{"level":"info","message":"Deleting user with id 8","service":"acquisitions-api"}
{"level":"info","message":"::1 - - [15/Apr/2026:12:47:33 +0000] \"DELETE /api/users/8 HTTP/1.1\" 200 39 \"-\" \"HTTPie\"","service":"acquisitions-api"}
{"level":"info","message":"User authenticated: cgarg@gmail.com (admin)","service":"acquisitions-api"}
{"level":"info","message":"Deleting user with id 9","service":"acquisitions-api"}
{"level":"info","message":"::1 - - [15/Apr/2026:12:47:37 +0000] \"DELETE /api/users/9 HTTP/1.1\" 200 39 \"-\" \"HTTPie\"","service":"acquisitions-api"}
{"level":"info","message":"User authenticated: cgarg@gmail.com (admin)","service":"acquisitions-api"}
{"level":"info","message":"Getting users...","service":"acquisitions-api"}
{"level":"info","message":"::1 - - [15/Apr/2026:12:47:45 +0000] \"GET /api/users HTTP/1.1\" 200 214 \"-\" \"HTTPie\"","service":"acquisitions-api"}
